<?xml version="1.0" encoding="UTF-8"?>
<testsuite name="com.greenfoxacademy.masterwork.TC08_Data_Input" tests="1" skipped="0" failures="0" errors="0" timestamp="2021-08-15T11:44:24" hostname="DESKTOP-QQ22JFS" time="7.812">
  <properties/>
  <testcase name="#TC08_DATA_INPUT_01" classname="com.greenfoxacademy.masterwork.TC08_Data_Input" time="7.812"/>
  <system-out><![CDATA[]]></system-out>
  <system-err><![CDATA[[Test worker] INFO io.github.bonigarcia.wdm.WebDriverManager - Reading https://api.github.com/repos/mozilla/geckodriver/releases to seek geckodriver
[Test worker] INFO io.github.bonigarcia.wdm.WebDriverManager - Exporting webdriver.gecko.driver as C:\Users\Dóri-Dell\.cache\selenium\geckodriver\win64\0.29.1\geckodriver.exe
1629027860634	geckodriver	INFO	Listening on 127.0.0.1:19791
1629027861121	mozrunner::runner	INFO	Running command: "C:\\Program Files\\Mozilla Firefox\\firefox.exe" "--marionette" "-foreground" "-no-remote" "-profile" "C:\\Users\\DRI-DE~1\\AppData\\Local\\Temp\\rust_mozprofileeJ7fMo"
1629027861506	Marionette	INFO	Marionette enabled
console.warn: SearchSettings: "get: No settings file exists, new profile?" (new NotFoundError("Could not open the file at C:\\Users\\D\xF3ri-Dell\\AppData\\Local\\Temp\\rust_mozprofileeJ7fMo\\search.json.mozlz4", (void 0)))
1629027863987	Marionette	INFO	Listening on port 55999
1629027864301	RemoteAgent	WARN	TLS certificate errors will be ignored for this session
aug. 15, 2021 1:44:24 DU. org.openqa.selenium.remote.ProtocolHandshake createSession
INFO: Detected dialect: W3C
[Test worker] INFO com.greenfoxacademy.masterwork.TC08_Data_Input - Opening page...
[Test worker] INFO com.greenfoxacademy.masterwork.TC08_Data_Input - Page successfully opened.
[Test worker] INFO com.greenfoxacademy.masterwork.TC08_Data_Input - Navigating to login page.
[Test worker] INFO com.greenfoxacademy.masterwork.TC08_Data_Input - Logging in with given data.
[Test worker] INFO com.greenfoxacademy.masterwork.TC08_Data_Input - Navigating to account page.
[Test worker] INFO com.greenfoxacademy.masterwork.TC08_Data_Input - Verifying if correct pade loaded.
[Test worker] INFO com.greenfoxacademy.masterwork.TC08_Data_Input - Navigating to user page
[Test worker] INFO com.greenfoxacademy.masterwork.TC08_Data_Input - Verifying if correct pade loaded.
[Test worker] INFO com.greenfoxacademy.masterwork.TC08_Data_Input - Opening profile edit option.
[Test worker] INFO com.greenfoxacademy.masterwork.TC08_Data_Input - Adding profile description.
[Test worker] INFO com.greenfoxacademy.masterwork.TC08_Data_Input - Checking if user description is displayed.
[Test worker] INFO com.greenfoxacademy.masterwork.TC08_Data_Input - Checking if user description matches input data.
[Test worker] INFO com.greenfoxacademy.masterwork.TC08_Data_Input - Adding profile description was successful.
1629027872401	Marionette	INFO	Stopped listening on port 55999
JavaScript error: resource:///modules/Interactions.jsm, line 209: NS_ERROR_FAILURE: Component returned failure code: 0x80004005 (NS_ERROR_FAILURE) [nsIUserIdleService.removeIdleObserver]

###!!! [Parent][RunMessage] Error: Channel closing: too late to send/recv, messages will be lost

]]></system-err>
</testsuite>
