<?xml version="1.0" encoding="UTF-8"?>
<testsuite name="com.greenfoxacademy.masterwork.TC13_Deleting_data" tests="1" skipped="0" failures="0" errors="0" timestamp="2021-08-15T11:45:40" hostname="DESKTOP-QQ22JFS" time="7.441">
  <properties/>
  <testcase name="#TC13_DELETING_DATA" classname="com.greenfoxacademy.masterwork.TC13_Deleting_data" time="7.441"/>
  <system-out><![CDATA[]]></system-out>
  <system-err><![CDATA[[Test worker] INFO io.github.bonigarcia.wdm.WebDriverManager - Reading https://api.github.com/repos/mozilla/geckodriver/releases to seek geckodriver
[Test worker] INFO io.github.bonigarcia.wdm.WebDriverManager - Exporting webdriver.gecko.driver as C:\Users\Dóri-Dell\.cache\selenium\geckodriver\win64\0.29.1\geckodriver.exe
1629027936842	geckodriver	INFO	Listening on 127.0.0.1:22394
1629027937334	mozrunner::runner	INFO	Running command: "C:\\Program Files\\Mozilla Firefox\\firefox.exe" "--marionette" "-foreground" "-no-remote" "-profile" "C:\\Users\\DRI-DE~1\\AppData\\Local\\Temp\\rust_mozprofilejN7NL9"
1629027937751	Marionette	INFO	Marionette enabled
console.warn: SearchSettings: "get: No settings file exists, new profile?" (new NotFoundError("Could not open the file at C:\\Users\\D\xF3ri-Dell\\AppData\\Local\\Temp\\rust_mozprofilejN7NL9\\search.json.mozlz4", (void 0)))
1629027940213	Marionette	INFO	Listening on port 56202
1629027940510	RemoteAgent	WARN	TLS certificate errors will be ignored for this session
aug. 15, 2021 1:45:40 DU. org.openqa.selenium.remote.ProtocolHandshake createSession
INFO: Detected dialect: W3C
[Test worker] INFO com.greenfoxacademy.masterwork.TC13_Deleting_data - Opening page...
[Test worker] INFO com.greenfoxacademy.masterwork.TC13_Deleting_data - Page successfully opened.
[Test worker] INFO com.greenfoxacademy.masterwork.TC13_Deleting_data - Navigating to login page.
[Test worker] INFO com.greenfoxacademy.masterwork.TC13_Deleting_data - Logging in with given data.
[Test worker] INFO com.greenfoxacademy.masterwork.TC13_Deleting_data - Navigating to account page.
[Test worker] INFO com.greenfoxacademy.masterwork.TC13_Deleting_data - Navigating to user page
[Test worker] INFO com.greenfoxacademy.masterwork.TC13_Deleting_data - Verifying if correct pade loaded.
[Test worker] INFO com.greenfoxacademy.masterwork.TC13_Deleting_data - Opening profile edit option.
[Test worker] INFO com.greenfoxacademy.masterwork.TC13_Deleting_data - Deleting profile description.
[Test worker] INFO com.greenfoxacademy.masterwork.TC13_Deleting_data - Checking if any user description displayed.
[Test worker] INFO com.greenfoxacademy.masterwork.TC13_Deleting_data - Deleting profile description was successful.
1629027948232	Marionette	INFO	Stopped listening on port 56202
JavaScript error: resource:///modules/Interactions.jsm, line 209: NS_ERROR_FAILURE: Component returned failure code: 0x80004005 (NS_ERROR_FAILURE) [nsIUserIdleService.removeIdleObserver]

###!!! [Parent][RunMessage] Error: Channel closing: too late to send/recv, messages will be lost

]]></system-err>
</testsuite>
