<?xml version="1.0" encoding="UTF-8"?>
<testsuite name="com.greenfoxacademy.masterwork.TC12_Data_Modification" tests="1" skipped="0" failures="0" errors="0" timestamp="2021-08-15T11:45:27" hostname="DESKTOP-QQ22JFS" time="7.56">
  <properties/>
  <testcase name="#TC12_DATA_MODIFICATION" classname="com.greenfoxacademy.masterwork.TC12_Data_Modification" time="7.56"/>
  <system-out><![CDATA[]]></system-out>
  <system-err><![CDATA[[Test worker] INFO io.github.bonigarcia.wdm.WebDriverManager - Reading https://api.github.com/repos/mozilla/geckodriver/releases to seek geckodriver
[Test worker] INFO io.github.bonigarcia.wdm.WebDriverManager - Exporting webdriver.gecko.driver as C:\Users\Dóri-Dell\.cache\selenium\geckodriver\win64\0.29.1\geckodriver.exe
1629027923496	geckodriver	INFO	Listening on 127.0.0.1:12893
1629027923980	mozrunner::runner	INFO	Running command: "C:\\Program Files\\Mozilla Firefox\\firefox.exe" "--marionette" "-foreground" "-no-remote" "-profile" "C:\\Users\\DRI-DE~1\\AppData\\Local\\Temp\\rust_mozprofiledTR2v8"
1629027924361	Marionette	INFO	Marionette enabled
console.warn: SearchSettings: "get: No settings file exists, new profile?" (new NotFoundError("Could not open the file at C:\\Users\\D\xF3ri-Dell\\AppData\\Local\\Temp\\rust_mozprofiledTR2v8\\search.json.mozlz4", (void 0)))
1629027926924	Marionette	INFO	Listening on port 56136
1629027927175	RemoteAgent	WARN	TLS certificate errors will be ignored for this session
aug. 15, 2021 1:45:27 DU. org.openqa.selenium.remote.ProtocolHandshake createSession
INFO: Detected dialect: W3C
[Test worker] INFO com.greenfoxacademy.masterwork.TC12_Data_Modification - Opening page...
[Test worker] INFO com.greenfoxacademy.masterwork.TC12_Data_Modification - Page successfully opened.
[Test worker] INFO com.greenfoxacademy.masterwork.TC12_Data_Modification - Navigating to login page.
[Test worker] INFO com.greenfoxacademy.masterwork.TC12_Data_Modification - Logging in with given data.
[Test worker] INFO com.greenfoxacademy.masterwork.TC12_Data_Modification - Navigating to account page.
[Test worker] INFO com.greenfoxacademy.masterwork.TC12_Data_Modification - Navigating to user page
[Test worker] INFO com.greenfoxacademy.masterwork.TC12_Data_Modification - Verifying if correct pade loaded.
[Test worker] INFO com.greenfoxacademy.masterwork.TC12_Data_Modification - Opening profile edit option.
[Test worker] INFO com.greenfoxacademy.masterwork.TC12_Data_Modification - Modifying profile description.
[Test worker] INFO com.greenfoxacademy.masterwork.TC12_Data_Modification - Checking if user description matches input data.
[Test worker] INFO com.greenfoxacademy.masterwork.TC12_Data_Modification - Profile description was successfully modified.
1629027935020	Marionette	INFO	Stopped listening on port 56136
JavaScript error: resource:///modules/Interactions.jsm, line 209: NS_ERROR_FAILURE: Component returned failure code: 0x80004005 (NS_ERROR_FAILURE) [nsIUserIdleService.removeIdleObserver]

###!!! [Parent][RunMessage] Error: Channel closing: too late to send/recv, messages will be lost

]]></system-err>
</testsuite>
