<?xml version="1.0" encoding="UTF-8"?>
<testsuite name="com.greenfoxacademy.masterwork.TC03_Privacy" tests="1" skipped="0" failures="0" errors="0" timestamp="2021-08-15T11:43:39" hostname="DESKTOP-QQ22JFS" time="4.33">
  <properties/>
  <testcase name="#TC03_PRIVACY" classname="com.greenfoxacademy.masterwork.TC03_Privacy" time="4.33"/>
  <system-out><![CDATA[]]></system-out>
  <system-err><![CDATA[[Test worker] INFO io.github.bonigarcia.wdm.WebDriverManager - Reading https://api.github.com/repos/mozilla/geckodriver/releases to seek geckodriver
[Test worker] INFO io.github.bonigarcia.wdm.WebDriverManager - Exporting webdriver.gecko.driver as C:\Users\Dóri-Dell\.cache\selenium\geckodriver\win64\0.29.1\geckodriver.exe
1629027815108	geckodriver	INFO	Listening on 127.0.0.1:11638
1629027815591	mozrunner::runner	INFO	Running command: "C:\\Program Files\\Mozilla Firefox\\firefox.exe" "--marionette" "-foreground" "-no-remote" "-profile" "C:\\Users\\DRI-DE~1\\AppData\\Local\\Temp\\rust_mozprofileySm4c0"
1629027815969	Marionette	INFO	Marionette enabled
console.warn: SearchSettings: "get: No settings file exists, new profile?" (new NotFoundError("Could not open the file at C:\\Users\\D\xF3ri-Dell\\AppData\\Local\\Temp\\rust_mozprofileySm4c0\\search.json.mozlz4", (void 0)))
1629027818408	Marionette	INFO	Listening on port 55680
1629027818801	RemoteAgent	WARN	TLS certificate errors will be ignored for this session
aug. 15, 2021 1:43:38 DU. org.openqa.selenium.remote.ProtocolHandshake createSession
INFO: Detected dialect: W3C
[Test worker] INFO com.greenfoxacademy.masterwork.TC03_Privacy - Opening page...
[Test worker] INFO com.greenfoxacademy.masterwork.TC03_Privacy - Page successfully opened.
[Test worker] INFO com.greenfoxacademy.masterwork.TC03_Privacy - Navigating to register page.
[Test worker] INFO com.greenfoxacademy.masterwork.TC03_Privacy - Opening Privacy Statement link.
[Test worker] INFO com.greenfoxacademy.masterwork.TC03_Privacy - Checking if link points toward another site.
[Test worker] INFO com.greenfoxacademy.masterwork.TC03_Privacy - Register page left successfully.
[Test worker] INFO com.greenfoxacademy.masterwork.TC03_Privacy - Navigating back to register page.
[Test worker] INFO com.greenfoxacademy.masterwork.TC03_Privacy - Register page loaded.
[Test worker] INFO com.greenfoxacademy.masterwork.TC03_Privacy - Checking privacy statement checkbox.
[Test worker] INFO com.greenfoxacademy.masterwork.TC03_Privacy - Verifying if checkbox is checked.
[Test worker] INFO com.greenfoxacademy.masterwork.TC03_Privacy - Privacy statements accepted.
1629027823415	Marionette	INFO	Stopped listening on port 55680
JavaScript error: resource:///modules/Interactions.jsm, line 209: NS_ERROR_FAILURE: Component returned failure code: 0x80004005 (NS_ERROR_FAILURE) [nsIUserIdleService.removeIdleObserver]

###!!! [Parent][RunMessage] Error: Channel closing: too late to send/recv, messages will be lost

]]></system-err>
</testsuite>
