<?xml version="1.0" encoding="UTF-8"?>
<testsuite name="com.greenfoxacademy.masterwork.TC02_Registration_Success" tests="1" skipped="0" failures="0" errors="0" timestamp="2021-08-15T11:43:27" hostname="DESKTOP-QQ22JFS" time="6.043">
  <properties/>
  <testcase name="#TC02_REGISTRATION_02" classname="com.greenfoxacademy.masterwork.TC02_Registration_Success" time="6.043"/>
  <system-out><![CDATA[]]></system-out>
  <system-err><![CDATA[[Test worker] INFO io.github.bonigarcia.wdm.WebDriverManager - Reading https://api.github.com/repos/mozilla/geckodriver/releases to seek geckodriver
[Test worker] INFO io.github.bonigarcia.wdm.WebDriverManager - Exporting webdriver.gecko.driver as C:\Users\Dóri-Dell\.cache\selenium\geckodriver\win64\0.29.1\geckodriver.exe
1629027803299	geckodriver	INFO	Listening on 127.0.0.1:24748
1629027803779	mozrunner::runner	INFO	Running command: "C:\\Program Files\\Mozilla Firefox\\firefox.exe" "--marionette" "-foreground" "-no-remote" "-profile" "C:\\Users\\DRI-DE~1\\AppData\\Local\\Temp\\rust_mozprofileccABgL"
1629027804163	Marionette	INFO	Marionette enabled
console.warn: SearchSettings: "get: No settings file exists, new profile?" (new NotFoundError("Could not open the file at C:\\Users\\D\xF3ri-Dell\\AppData\\Local\\Temp\\rust_mozprofileccABgL\\search.json.mozlz4", (void 0)))
1629027806793	Marionette	INFO	Listening on port 55614
1629027806952	RemoteAgent	WARN	TLS certificate errors will be ignored for this session
aug. 15, 2021 1:43:26 DU. org.openqa.selenium.remote.ProtocolHandshake createSession
INFO: Detected dialect: W3C
[Test worker] INFO com.greenfoxacademy.masterwork.TC02_Registration_Success - Opening page...
[Test worker] INFO com.greenfoxacademy.masterwork.TC02_Registration_Success - Page successfully opened.
[Test worker] INFO com.greenfoxacademy.masterwork.TC02_Registration_Success - Navigating to register page.
[Test worker] INFO com.greenfoxacademy.masterwork.TC02_Registration_Success - Attempting registration with given data.
[Test worker] INFO com.greenfoxacademy.masterwork.TC02_Registration_Success - Checking if user got redirected to user page.
[Test worker] INFO com.greenfoxacademy.masterwork.TC02_Registration_Success - Checking if users name is displayed correctly.
[Test worker] INFO com.greenfoxacademy.masterwork.TC02_Registration_Success - Registration attempt successful.
1629027813278	Marionette	INFO	Stopped listening on port 55614
JavaScript error: resource:///modules/Interactions.jsm, line 209: NS_ERROR_FAILURE: Component returned failure code: 0x80004005 (NS_ERROR_FAILURE) [nsIUserIdleService.removeIdleObserver]
]]></system-err>
</testsuite>
