<?xml version="1.0" encoding="UTF-8"?>
<testsuite name="com.greenfoxacademy.masterwork.TC05_Login_Success" tests="1" skipped="0" failures="0" errors="0" timestamp="2021-08-15T11:43:57" hostname="DESKTOP-QQ22JFS" time="3.997">
  <properties/>
  <testcase name="#TC05_LOGIN_02" classname="com.greenfoxacademy.masterwork.TC05_Login_Success" time="3.997"/>
  <system-out><![CDATA[]]></system-out>
  <system-err><![CDATA[[Test worker] INFO io.github.bonigarcia.wdm.WebDriverManager - Reading https://api.github.com/repos/mozilla/geckodriver/releases to seek geckodriver
[Test worker] INFO io.github.bonigarcia.wdm.WebDriverManager - Exporting webdriver.gecko.driver as C:\Users\Dóri-Dell\.cache\selenium\geckodriver\win64\0.29.1\geckodriver.exe
1629027833743	geckodriver	INFO	Listening on 127.0.0.1:30376
1629027834230	mozrunner::runner	INFO	Running command: "C:\\Program Files\\Mozilla Firefox\\firefox.exe" "--marionette" "-foreground" "-no-remote" "-profile" "C:\\Users\\DRI-DE~1\\AppData\\Local\\Temp\\rust_mozprofilekmyf7W"
1629027834620	Marionette	INFO	Marionette enabled
console.warn: SearchSettings: "get: No settings file exists, new profile?" (new NotFoundError("Could not open the file at C:\\Users\\D\xF3ri-Dell\\AppData\\Local\\Temp\\rust_mozprofilekmyf7W\\search.json.mozlz4", (void 0)))
1629027837180	Marionette	INFO	Listening on port 55814
1629027837418	RemoteAgent	WARN	TLS certificate errors will be ignored for this session
aug. 15, 2021 1:43:57 DU. org.openqa.selenium.remote.ProtocolHandshake createSession
INFO: Detected dialect: W3C
[Test worker] INFO com.greenfoxacademy.masterwork.TC05_Login_Success - Opening page...
[Test worker] INFO com.greenfoxacademy.masterwork.TC05_Login_Success - Page successfully opened.
[Test worker] INFO com.greenfoxacademy.masterwork.TC05_Login_Success - Navigating to login page.
[Test worker] INFO com.greenfoxacademy.masterwork.TC05_Login_Success - Attempting login with given data.
[Test worker] INFO com.greenfoxacademy.masterwork.TC05_Login_Success - Login attempt successful.
1629027841703	Marionette	INFO	Stopped listening on port 55814
JavaScript error: resource:///modules/Interactions.jsm, line 209: NS_ERROR_FAILURE: Component returned failure code: 0x80004005 (NS_ERROR_FAILURE) [nsIUserIdleService.removeIdleObserver]

###!!! [Parent][RunMessage] Error: Channel closing: too late to send/recv, messages will be lost

]]></system-err>
</testsuite>
