<?xml version="1.0" encoding="UTF-8"?>
<testsuite name="com.greenfoxacademy.masterwork.TC06_Data_Listing" tests="1" skipped="0" failures="0" errors="0" timestamp="2021-08-15T11:44:07" hostname="DESKTOP-QQ22JFS" time="3.42">
  <properties/>
  <testcase name="#TC06_DATA_LISTING" classname="com.greenfoxacademy.masterwork.TC06_Data_Listing" time="3.42"/>
  <system-out><![CDATA[]]></system-out>
  <system-err><![CDATA[[Test worker] INFO io.github.bonigarcia.wdm.WebDriverManager - Reading https://api.github.com/repos/mozilla/geckodriver/releases to seek geckodriver
[Test worker] INFO io.github.bonigarcia.wdm.WebDriverManager - Exporting webdriver.gecko.driver as C:\Users\Dóri-Dell\.cache\selenium\geckodriver\win64\0.29.1\geckodriver.exe
1629027843343	geckodriver	INFO	Listening on 127.0.0.1:15711
1629027843839	mozrunner::runner	INFO	Running command: "C:\\Program Files\\Mozilla Firefox\\firefox.exe" "--marionette" "-foreground" "-no-remote" "-profile" "C:\\Users\\DRI-DE~1\\AppData\\Local\\Temp\\rust_mozprofileIUNyyg"
1629027844225	Marionette	INFO	Marionette enabled
console.warn: SearchSettings: "get: No settings file exists, new profile?" (new NotFoundError("Could not open the file at C:\\Users\\D\xF3ri-Dell\\AppData\\Local\\Temp\\rust_mozprofileIUNyyg\\search.json.mozlz4", (void 0)))
1629027846802	Marionette	INFO	Listening on port 55875
1629027847021	RemoteAgent	WARN	TLS certificate errors will be ignored for this session
aug. 15, 2021 1:44:07 DU. org.openqa.selenium.remote.ProtocolHandshake createSession
INFO: Detected dialect: W3C
[Test worker] INFO com.greenfoxacademy.masterwork.TC06_Data_Listing - Opening page...
[Test worker] INFO com.greenfoxacademy.masterwork.TC06_Data_Listing - Page successfully opened.
[Test worker] INFO com.greenfoxacademy.masterwork.TC06_Data_Listing - Navigating to older posts.
[Test worker] INFO com.greenfoxacademy.masterwork.TC06_Data_Listing - Opening Hello world! blog post.
[Test worker] INFO com.greenfoxacademy.masterwork.TC06_Data_Listing - Filtering posts from July 2, 2021
[Test worker] INFO com.greenfoxacademy.masterwork.TC06_Data_Listing - Checking dates on filtered posts.
[Test worker] INFO com.greenfoxacademy.masterwork.TC06_Data_Listing - Checking if filtered post amount is correct.
[Test worker] INFO com.greenfoxacademy.masterwork.TC06_Data_Listing - Filtering was successful
1629027850719	Marionette	INFO	Stopped listening on port 55875
JavaScript error: resource:///modules/Interactions.jsm, line 209: NS_ERROR_FAILURE: Component returned failure code: 0x80004005 (NS_ERROR_FAILURE) [nsIUserIdleService.removeIdleObserver]

###!!! [Parent][RunMessage] Error: Channel closing: too late to send/recv, messages will be lost

]]></system-err>
</testsuite>
